# JRE version: OpenJDK Runtime Environment Temurin-17.0.13+11 (17.0.13+11) (build 17.0.13+11)
# Java VM: OpenJDK 64-Bit Server VM Temurin-17.0.13+11 (17.0.13+11, mixed mode, tiered, compressed oops, compressed class ptrs, parallel gc, windows-amd64)
GC Precious Log:
 CPUs: 4 total, 4 available
 Memory: 8043M
 Large Page Support: Disabled
 NUMA Support: Disabled
 Compressed Oops: Enabled (32-bit)
 Alignments: Space 512K, Generation 512K, Heap 2M
 Heap Min Capacity: 100M
 Heap Initial Capacity: 100M
 Heap Max Capacity: 1G
 Pre-touch: Disabled
 Parallel Workers: 4
Heap:
 PSYoungGen      total 26624K, used 21504K [0x00000000eab00000, 0x00000000eca80000, 0x0000000100000000)
  eden space 21504K, 100% used [0x00000000eab00000,0x00000000ec000000,0x00000000ec000000)
  from space 5120K, 0% used [0x00000000ec000000,0x00000000ec000000,0x00000000ec500000)
  to   space 4608K, 0% used [0x00000000ec580000,0x00000000ec580000,0x00000000eca00000)
 ParOldGen       total 68608K, used 68603K [0x00000000c0000000, 0x00000000c4300000, 0x00000000eab00000)
  object space 68608K, 99% used [0x00000000c0000000,0x00000000c42fedc8,0x00000000c4300000)
 Metaspace       used 53841K, committed 54848K, reserved 1114112K
  class space    used 5468K, committed 5888K, reserved 1048576K
GC Heap History (20 events):
Event: 730.358 GC heap before
{Heap before GC invocations=29 (full 2):
 PSYoungGen      total 28672K, used 28211K [0x00000000eab00000, 0x00000000ed000000, 0x0000000100000000)
  eden space 22016K, 100% used [0x00000000eab00000,0x00000000ec080000,0x00000000ec080000)
  from space 6656K, 93% used [0x00000000ec980000,0x00000000ecf8cda8,0x00000000ed000000)
  to   space 7168K, 0% used [0x00000000ec200000,0x00000000ec200000,0x00000000ec900000)
 ParOldGen       total 68608K, used 42070K [0x00000000c0000000, 0x00000000c4300000, 0x00000000eab00000)
  object space 68608K, 61% used [0x00000000c0000000,0x00000000c2915be0,0x00000000c4300000)
 Metaspace       used 53894K, committed 54848K, reserved 1114112K
  class space    used 5488K, committed 5888K, reserved 1048576K
}
Event: 730.385 GC heap after
{Heap after GC invocations=29 (full 2):
 PSYoungGen      total 23040K, used 672K [0x00000000eab00000, 0x00000000eca00000, 0x0000000100000000)
  eden space 22016K, 0% used [0x00000000eab00000,0x00000000eab00000,0x00000000ec080000)
  from space 1024K, 65% used [0x00000000ec200000,0x00000000ec2a8020,0x00000000ec300000)
  to   space 3072K, 0% used [0x00000000ec700000,0x00000000ec700000,0x00000000eca00000)
 ParOldGen       total 68608K, used 47064K [0x00000000c0000000, 0x00000000c4300000, 0x00000000eab00000)
  object space 68608K, 68% used [0x00000000c0000000,0x00000000c2df62a0,0x00000000c4300000)
 Metaspace       used 53894K, committed 54848K, reserved 1114112K
  class space    used 5488K, committed 5888K, reserved 1048576K
}
Event: 730.838 GC heap before
{Heap before GC invocations=30 (full 2):
 PSYoungGen      total 23040K, used 22688K [0x00000000eab00000, 0x00000000eca00000, 0x0000000100000000)
  eden space 22016K, 100% used [0x00000000eab00000,0x00000000ec080000,0x00000000ec080000)
  from space 1024K, 65% used [0x00000000ec200000,0x00000000ec2a8020,0x00000000ec300000)
  to   space 3072K, 0% used [0x00000000ec700000,0x00000000ec700000,0x00000000eca00000)
 ParOldGen       total 68608K, used 47064K [0x00000000c0000000, 0x00000000c4300000, 0x00000000eab00000)
  object space 68608K, 68% used [0x00000000c0000000,0x00000000c2df62a0,0x00000000c4300000)
 Metaspace       used 53908K, committed 54848K, reserved 1114112K
  class space    used 5488K, committed 5888K, reserved 1048576K
}
Event: 730.852 GC heap after
{Heap after GC invocations=30 (full 2):
 PSYoungGen      total 24576K, used 3054K [0x00000000eab00000, 0x00000000ece80000, 0x0000000100000000)
  eden space 21504K, 0% used [0x00000000eab00000,0x00000000eab00000,0x00000000ec000000)
  from space 3072K, 99% used [0x00000000ec700000,0x00000000ec9fb8f8,0x00000000eca00000)
  to   space 7168K, 0% used [0x00000000ec000000,0x00000000ec000000,0x00000000ec700000)
 ParOldGen       total 68608K, used 50014K [0x00000000c0000000, 0x00000000c4300000, 0x00000000eab00000)
  object space 68608K, 72% used [0x00000000c0000000,0x00000000c30d7838,0x00000000c4300000)
 Metaspace       used 53908K, committed 54848K, reserved 1114112K
  class space    used 5488K, committed 5888K, reserved 1048576K
}
Event: 731.125 GC heap before
{Heap before GC invocations=31 (full 2):
 PSYoungGen      total 24576K, used 24558K [0x00000000eab00000, 0x00000000ece80000, 0x0000000100000000)
  eden space 21504K, 100% used [0x00000000eab00000,0x00000000ec000000,0x00000000ec000000)
  from space 3072K, 99% used [0x00000000ec700000,0x00000000ec9fb8f8,0x00000000eca00000)
  to   space 7168K, 0% used [0x00000000ec000000,0x00000000ec000000,0x00000000ec700000)
 ParOldGen       total 68608K, used 50014K [0x00000000c0000000, 0x00000000c4300000, 0x00000000eab00000)
  object space 68608K, 72% used [0x00000000c0000000,0x00000000c30d7838,0x00000000c4300000)
 Metaspace       used 53910K, committed 54848K, reserved 1114112K
  class space    used 5488K, committed 5888K, reserved 1048576K
}
Event: 731.137 GC heap after
{Heap after GC invocations=31 (full 2):
 PSYoungGen      total 27648K, used 6003K [0x00000000eab00000, 0x00000000ecd00000, 0x0000000100000000)
  eden space 21504K, 0% used [0x00000000eab00000,0x00000000eab00000,0x00000000ec000000)
  from space 6144K, 97% used [0x00000000ec000000,0x00000000ec5dcef8,0x00000000ec600000)
  to   space 6656K, 0% used [0x00000000ec680000,0x00000000ec680000,0x00000000ecd00000)
 ParOldGen       total 68608K, used 53020K [0x00000000c0000000, 0x00000000c4300000, 0x00000000eab00000)
  object space 68608K, 77% used [0x00000000c0000000,0x00000000c33c72f0,0x00000000c4300000)
 Metaspace       used 53910K, committed 54848K, reserved 1114112K
  class space    used 5488K, committed 5888K, reserved 1048576K
}
Event: 731.373 GC heap before
{Heap before GC invocations=32 (full 2):
 PSYoungGen      total 27648K, used 27507K [0x00000000eab00000, 0x00000000ecd00000, 0x0000000100000000)
  eden space 21504K, 100% used [0x00000000eab00000,0x00000000ec000000,0x00000000ec000000)
  from space 6144K, 97% used [0x00000000ec000000,0x00000000ec5dcef8,0x00000000ec600000)
  to   space 6656K, 0% used [0x00000000ec680000,0x00000000ec680000,0x00000000ecd00000)
 ParOldGen       total 68608K, used 53020K [0x00000000c0000000, 0x00000000c4300000, 0x00000000eab00000)
  object space 68608K, 77% used [0x00000000c0000000,0x00000000c33c72f0,0x00000000c4300000)
 Metaspace       used 53910K, committed 54848K, reserved 1114112K
  class space    used 5488K, committed 5888K, reserved 1048576K
}
Event: 731.385 GC heap after
{Heap after GC invocations=32 (full 2):
 PSYoungGen      total 26624K, used 4885K [0x00000000eab00000, 0x00000000ecb80000, 0x0000000100000000)
  eden space 21504K, 0% used [0x00000000eab00000,0x00000000eab00000,0x00000000ec000000)
  from space 5120K, 95% used [0x00000000ec680000,0x00000000ecb45548,0x00000000ecb80000)
  to   space 5632K, 0% used [0x00000000ec080000,0x00000000ec080000,0x00000000ec600000)
 ParOldGen       total 68608K, used 58874K [0x00000000c0000000, 0x00000000c4300000, 0x00000000eab00000)
  object space 68608K, 85% used [0x00000000c0000000,0x00000000c397e8a8,0x00000000c4300000)
 Metaspace       used 53910K, committed 54848K, reserved 1114112K
  class space    used 5488K, committed 5888K, reserved 1048576K
}
Event: 731.598 GC heap before
{Heap before GC invocations=33 (full 2):
 PSYoungGen      total 26624K, used 26389K [0x00000000eab00000, 0x00000000ecb80000, 0x0000000100000000)
  eden space 21504K, 100% used [0x00000000eab00000,0x00000000ec000000,0x00000000ec000000)
  from space 5120K, 95% used [0x00000000ec680000,0x00000000ecb45548,0x00000000ecb80000)
  to   space 5632K, 0% used [0x00000000ec080000,0x00000000ec080000,0x00000000ec600000)
 ParOldGen       total 68608K, used 58874K [0x00000000c0000000, 0x00000000c4300000, 0x00000000eab00000)
  object space 68608K, 85% used [0x00000000c0000000,0x00000000c397e8a8,0x00000000c4300000)
 Metaspace       used 53910K, committed 54848K, reserved 1114112K
  class space    used 5488K, committed 5888K, reserved 1048576K
}
Event: 731.610 GC heap after
{Heap after GC invocations=33 (full 2):
 PSYoungGen      total 26624K, used 4877K [0x00000000eab00000, 0x00000000eca00000, 0x0000000100000000)
  eden space 21504K, 0% used [0x00000000eab00000,0x00000000eab00000,0x00000000ec000000)
  from space 5120K, 95% used [0x00000000ec080000,0x00000000ec543688,0x00000000ec580000)
  to   space 4608K, 0% used [0x00000000ec580000,0x00000000ec580000,0x00000000eca00000)
 ParOldGen       total 68608K, used 63680K [0x00000000c0000000, 0x00000000c4300000, 0x00000000eab00000)
  object space 68608K, 92% used [0x00000000c0000000,0x00000000c3e30178,0x00000000c4300000)
 Metaspace       used 53910K, committed 54848K, reserved 1114112K
  class space    used 5488K, committed 5888K, reserved 1048576K
}
Event: 731.991 GC heap before
{Heap before GC invocations=34 (full 3):
 PSYoungGen      total 26624K, used 26381K [0x00000000eab00000, 0x00000000eca00000, 0x0000000100000000)
  eden space 21504K, 100% used [0x00000000eab00000,0x00000000ec000000,0x00000000ec000000)
  from space 5120K, 95% used [0x00000000ec080000,0x00000000ec543688,0x00000000ec580000)
  to   space 4608K, 0% used [0x00000000ec580000,0x00000000ec580000,0x00000000eca00000)
 ParOldGen       total 68608K, used 63680K [0x00000000c0000000, 0x00000000c4300000, 0x00000000eab00000)
  object space 68608K, 92% used [0x00000000c0000000,0x00000000c3e30178,0x00000000c4300000)
 Metaspace       used 53911K, committed 54848K, reserved 1114112K
  class space    used 5488K, committed 5888K, reserved 1048576K
}
Event: 732.448 GC heap after
{Heap after GC invocations=34 (full 3):
 PSYoungGen      total 26112K, used 0K [0x00000000eab00000, 0x00000000eca00000, 0x0000000100000000)
  eden space 21504K, 0% used [0x00000000eab00000,0x00000000eab00000,0x00000000ec000000)
  from space 4608K, 0% used [0x00000000ec580000,0x00000000ec580000,0x00000000eca00000)
  to   space 5120K, 0% used [0x00000000ec000000,0x00000000ec000000,0x00000000ec500000)
 ParOldGen       total 68608K, used 66857K [0x00000000c0000000, 0x00000000c4300000, 0x00000000eab00000)
  object space 68608K, 97% used [0x00000000c0000000,0x00000000c414a668,0x00000000c4300000)
 Metaspace       used 53839K, committed 54848K, reserved 1114112K
  class space    used 5468K, committed 5888K, reserved 1048576K
}
Event: 732.901 GC heap before
{Heap before GC invocations=35 (full 4):
 PSYoungGen      total 26112K, used 21504K [0x00000000eab00000, 0x00000000eca00000, 0x0000000100000000)
  eden space 21504K, 100% used [0x00000000eab00000,0x00000000ec000000,0x00000000ec000000)
  from space 4608K, 0% used [0x00000000ec580000,0x00000000ec580000,0x00000000eca00000)
  to   space 5120K, 0% used [0x00000000ec000000,0x00000000ec000000,0x00000000ec500000)
 ParOldGen       total 68608K, used 66857K [0x00000000c0000000, 0x00000000c4300000, 0x00000000eab00000)
  object space 68608K, 97% used [0x00000000c0000000,0x00000000c414a668,0x00000000c4300000)
 Metaspace       used 53841K, committed 54848K, reserved 1114112K
  class space    used 5468K, committed 5888K, reserved 1048576K
}
Event: 733.066 GC heap after
{Heap after GC invocations=35 (full 4):
 PSYoungGen      total 26624K, used 3632K [0x00000000eab00000, 0x00000000eca00000, 0x0000000100000000)
  eden space 21504K, 16% used [0x00000000eab00000,0x00000000eae8c108,0x00000000ec000000)
  from space 5120K, 0% used [0x00000000ec000000,0x00000000ec000000,0x00000000ec500000)
  to   space 4608K, 0% used [0x00000000ec580000,0x00000000ec580000,0x00000000eca00000)
 ParOldGen       total 68608K, used 68483K [0x00000000c0000000, 0x00000000c4300000, 0x00000000eab00000)
  object space 68608K, 99% used [0x00000000c0000000,0x00000000c42e0d38,0x00000000c4300000)
 Metaspace       used 53841K, committed 54848K, reserved 1114112K
  class space    used 5468K, committed 5888K, reserved 1048576K
}
Event: 733.451 GC heap before
{Heap before GC invocations=36 (full 5):
 PSYoungGen      total 26624K, used 21504K [0x00000000eab00000, 0x00000000eca00000, 0x0000000100000000)
  eden space 21504K, 100% used [0x00000000eab00000,0x00000000ec000000,0x00000000ec000000)
  from space 5120K, 0% used [0x00000000ec000000,0x00000000ec000000,0x00000000ec500000)
  to   space 4608K, 0% used [0x00000000ec580000,0x00000000ec580000,0x00000000eca00000)
 ParOldGen       total 68608K, used 68483K [0x00000000c0000000, 0x00000000c4300000, 0x00000000eab00000)
  object space 68608K, 99% used [0x00000000c0000000,0x00000000c42e0d38,0x00000000c4300000)
 Metaspace       used 53841K, committed 54848K, reserved 1114112K
  class space    used 5468K, committed 5888K, reserved 1048576K
}
Event: 733.618 GC heap after
{Heap after GC invocations=36 (full 5):
 PSYoungGen      total 26112K, used 8200K [0x00000000eab00000, 0x00000000ecb00000, 0x0000000100000000)
  eden space 21504K, 38% used [0x00000000eab00000,0x00000000eb3023d0,0x00000000ec000000)
  from space 4608K, 0% used [0x00000000ec580000,0x00000000ec580000,0x00000000eca00000)
  to   space 5120K, 0% used [0x00000000ec000000,0x00000000ec000000,0x00000000ec500000)
 ParOldGen       total 68608K, used 68603K [0x00000000c0000000, 0x00000000c4300000, 0x00000000eab00000)
  object space 68608K, 99% used [0x00000000c0000000,0x00000000c42fedc8,0x00000000c4300000)
 Metaspace       used 53841K, committed 54848K, reserved 1114112K
  class space    used 5468K, committed 5888K, reserved 1048576K
}
Event: 733.847 GC heap before
{Heap before GC invocations=37 (full 6):
 PSYoungGen      total 26112K, used 21504K [0x00000000eab00000, 0x00000000ecb00000, 0x0000000100000000)
  eden space 21504K, 100% used [0x00000000eab00000,0x00000000ec000000,0x00000000ec000000)
  from space 4608K, 0% used [0x00000000ec580000,0x00000000ec580000,0x00000000eca00000)
  to   space 5120K, 0% used [0x00000000ec000000,0x00000000ec000000,0x00000000ec500000)
 ParOldGen       total 68608K, used 68603K [0x00000000c0000000, 0x00000000c4300000, 0x00000000eab00000)
  object space 68608K, 99% used [0x00000000c0000000,0x00000000c42fedc8,0x00000000c4300000)
 Metaspace       used 53841K, committed 54848K, reserved 1114112K
  class space    used 5468K, committed 5888K, reserved 1048576K
}
Event: 734.002 GC heap after
{Heap after GC invocations=37 (full 6):
 PSYoungGen      total 26624K, used 11277K [0x00000000eab00000, 0x00000000ecb00000, 0x0000000100000000)
  eden space 21504K, 52% used [0x00000000eab00000,0x00000000eb603460,0x00000000ec000000)
  from space 5120K, 0% used [0x00000000ec000000,0x00000000ec000000,0x00000000ec500000)
  to   space 4608K, 0% used [0x00000000ec580000,0x00000000ec580000,0x00000000eca00000)
 ParOldGen       total 68608K, used 68603K [0x00000000c0000000, 0x00000000c4300000, 0x00000000eab00000)
  object space 68608K, 99% used [0x00000000c0000000,0x00000000c42fedc8,0x00000000c4300000)
 Metaspace       used 53841K, committed 54848K, reserved 1114112K
  class space    used 5468K, committed 5888K, reserved 1048576K
}
Event: 734.089 GC heap before
{Heap before GC invocations=38 (full 7):
 PSYoungGen      total 26624K, used 21504K [0x00000000eab00000, 0x00000000ecb00000, 0x0000000100000000)
  eden space 21504K, 100% used [0x00000000eab00000,0x00000000ec000000,0x00000000ec000000)
  from space 5120K, 0% used [0x00000000ec000000,0x00000000ec000000,0x00000000ec500000)
  to   space 4608K, 0% used [0x00000000ec580000,0x00000000ec580000,0x00000000eca00000)
 ParOldGen       total 68608K, used 68603K [0x00000000c0000000, 0x00000000c4300000, 0x00000000eab00000)
  object space 68608K, 99% used [0x00000000c0000000,0x00000000c42fedc8,0x00000000c4300000)
 Metaspace       used 53841K, committed 54848K, reserved 1114112K
  class space    used 5468K, committed 5888K, reserved 1048576K
}
Event: 734.285 GC heap after
{Heap after GC invocations=38 (full 7):
 PSYoungGen      total 26112K, used 14027K [0x00000000eab00000, 0x00000000ecb00000, 0x0000000100000000)
  eden space 21504K, 65% used [0x00000000eab00000,0x00000000eb8b2f58,0x00000000ec000000)
  from space 4608K, 0% used [0x00000000ec580000,0x00000000ec580000,0x00000000eca00000)
  to   space 5120K, 0% used [0x00000000ec000000,0x00000000ec000000,0x00000000ec500000)
 ParOldGen       total 68608K, used 68603K [0x00000000c0000000, 0x00000000c4300000, 0x00000000eab00000)
  object space 68608K, 99% used [0x00000000c0000000,0x00000000c42fedc8,0x00000000c4300000)
 Metaspace       used 53841K, committed 54848K, reserved 1114112K
  class space    used 5468K, committed 5888K, reserved 1048576K
}

